
-------- /nfs/ug/cad/cad2/ece326f/tester/scripts/lab3-01-insert.py --------

Listening: TcpListener { addr: 127.0.0.1:2488, fd: 3 }

-------- /nfs/ug/cad/cad2/ece326f/tester/scripts/lab3-02-update.py --------

Listening: TcpListener { addr: 127.0.0.1:9905, fd: 3 }

-------- /nfs/ug/cad/cad2/ece326f/tester/scripts/lab3-03-drop.py --------

Listening: TcpListener { addr: 127.0.0.1:7370, fd: 3 }

-------- /nfs/ug/cad/cad2/ece326f/tester/scripts/lab3-04-scan.py --------

Listening: TcpListener { addr: 127.0.0.1:9995, fd: 3 }
HIE
row ids: [3]
HIE
row ids: [3, 1]
HIE
row ids: [3, 1, 5]
HIE
row ids: [3, 1, 5, 4]
HIE
row ids: [3, 1, 5, 4, 2]

-------- /nfs/ug/cad/cad2/ece326f/tester/scripts/lab3-05-stress.py --------

Listening: TcpListener { addr: 127.0.0.1:4921, fd: 3 }

-------- /nfs/ug/cad/cad2/ece326f/tester/scripts/lab3-06-parallel.py --------

Listening: TcpListener { addr: 127.0.0.1:5125, fd: 3 }

-------- /nfs/ug/cad/cad2/ece326f/tester/scripts/lab3-07-speedup.py --------

Listening: TcpListener { addr: 127.0.0.1:9905, fd: 3 }

-------- /nfs/ug/cad/cad2/ece326f/tester/scripts/lab3-07-speedup.py --------

Listening: TcpListener { addr: 127.0.0.1:9258, fd: 3 }

-------- /nfs/ug/cad/cad2/ece326f/tester/scripts/lab3-07-speedup.py --------

Listening: TcpListener { addr: 127.0.0.1:7724, fd: 3 }

-------- /nfs/ug/cad/cad2/ece326f/tester/scripts/lab3-07-speedup.py --------

Listening: TcpListener { addr: 127.0.0.1:5871, fd: 3 }

-------- /nfs/ug/cad/cad2/ece326f/tester/scripts/lab3-07-speedup.py --------

Listening: TcpListener { addr: 127.0.0.1:6432, fd: 3 }

-------- /nfs/ug/cad/cad2/ece326f/tester/scripts/lab3-07-speedup.py --------

Listening: TcpListener { addr: 127.0.0.1:6965, fd: 3 }

-------- /nfs/ug/cad/cad2/ece326f/tester/scripts/lab3-08-limit.py --------

Listening: TcpListener { addr: 127.0.0.1:5182, fd: 3 }
Connection error: 
-------- /nfs/ug/cad/cad2/ece326f/tester/scripts/lab3-09-synch.py --------

Listening: TcpListener { addr: 127.0.0.1:8255, fd: 3 }
HIE
row ids: [2579]
HIE
row ids: [2579, 2574]
HIE
row ids: [2579, 2574, 2575]
HIE
row ids: [2579, 2574, 2575, 2576]
HIE
row ids: [2579, 2574, 2575, 2576, 2578]
HIE
row ids: [2579, 2574, 2575, 2576, 2578, 2577]
